nohup: ignoring input

> nextn@0.1.0 dev
> next dev --turbopack

   ▲ Next.js 15.5.6 (Turbopack)
   - Local:        http://localhost:3000
   - Network:      http://10.88.0.3:3000
   - Environments: .env

 ✓ Starting...
 ✓ Ready in 2000ms
 ○ Compiling /api/admin/embeddings/settings ...
 GET /api/admin/embeddings/settings 200 in 2819ms
 ✓ Compiled /api/admin/embeddings/settings in 6.5s
 GET / 200 in 5754ms
 GET /api/admin/embeddings/settings 200 in 455ms
 ✓ Compiled /api/admin/embeddings/usage in 258ms
 GET /api/admin/embeddings/usage 200 in 767ms
 ○ Compiling /admin/embeddings ...
 ✓ Compiled /admin/embeddings in 805ms
 GET /admin/embeddings 200 in 972ms
 POST /api/admin/embeddings/settings 200 in 275ms
 POST /api/admin/embeddings/settings 200 in 277ms
 GET /api/admin/embeddings/settings 200 in 395ms
 GET /admin/embeddings 200 in 157ms
 GET / 200 in 199ms
 GET /api/admin/embeddings/settings 200 in 374ms
 GET /api/admin/embeddings/settings 200 in 379ms
 ✓ Compiled in 183ms
 ✓ Compiled /admin/embeddings in 38ms
 GET /admin/embeddings 200 in 510ms
 GET /admin/embeddings 200 in 155ms
 ✓ Compiled in 196ms
 ✓ Compiled /admin/embeddings in 31ms
 GET /admin/embeddings 200 in 493ms
 ✓ Compiled in 298ms
 ✓ Compiled /admin/embeddings in 34ms
 GET /admin/embeddings 200 in 505ms
 GET /admin/embeddings 200 in 157ms
 GET /api/admin/embeddings/settings 200 in 380ms
 GET / 200 in 185ms
 ✓ Compiled in 355ms
 ✓ Compiled in 1768ms
 ⚠ Failed to reload dynamic routes: [Error: ENOSPC: no space left on device, write] {
  errno: -28,
  code: 'ENOSPC',
  syscall: 'write'
}
 ✓ Compiled / in 3ms
 ⨯ [Error: ENOENT: no such file or directory, open '/home/user/ProjectFinal/.next/server/app/page/app-build-manifest.json'] {
  errno: -2,
  code: 'ENOENT',
  syscall: 'open',
  path: '/home/user/ProjectFinal/.next/server/app/page/app-build-manifest.json'
}
 ○ Compiling /_error ...
 ✓ Compiled /_error in 2.1s
 ⨯ [Error: ENOENT: no such file or directory, open '/home/user/ProjectFinal/.next/static/development/_buildManifest.js.tmp.zeanz0jpoyj'] {
  errno: -2,
  code: 'ENOENT',
  syscall: 'open',
  path: '/home/user/ProjectFinal/.next/static/development/_buildManifest.js.tmp.zeanz0jpoyj'
}
[Error: ENOENT: no such file or directory, open '/home/user/ProjectFinal/.next/server/app/page/app-build-manifest.json'] {
  errno: -2,
  code: 'ENOENT',
  syscall: 'open',
  path: '/home/user/ProjectFinal/.next/server/app/page/app-build-manifest.json'
}
 ⨯ [Error: ENOENT: no such file or directory, open '/home/user/ProjectFinal/.next/static/development/_buildManifest.js.tmp.zqbae54kj5d'] {
  errno: -2,
  code: 'ENOENT',
  syscall: 'open',
  path: '/home/user/ProjectFinal/.next/static/development/_buildManifest.js.tmp.zqbae54kj5d'
}
[Error: ENOENT: no such file or directory, open '/home/user/ProjectFinal/.next/static/development/_buildManifest.js.tmp.ddut8hczvnf'] {
  errno: -2,
  code: 'ENOENT',
  syscall: 'open',
  path: '/home/user/ProjectFinal/.next/static/development/_buildManifest.js.tmp.ddut8hczvnf'
}
 ⨯ [Error: ENOENT: no such file or directory, open '/home/user/ProjectFinal/.next/server/app/page/app-build-manifest.json'] {
  errno: -2,
  code: 'ENOENT',
  syscall: 'open',
  path: '/home/user/ProjectFinal/.next/server/app/page/app-build-manifest.json'
}
 ⨯ [Error: ENOENT: no such file or directory, open '/home/user/ProjectFinal/.next/static/development/_buildManifest.js.tmp.mh5c6n3kon'] {
  errno: -2,
  code: 'ENOENT',
  syscall: 'open',
  path: '/home/user/ProjectFinal/.next/static/development/_buildManifest.js.tmp.mh5c6n3kon'
}
[Error: ENOENT: no such file or directory, open '/home/user/ProjectFinal/.next/server/app/page/app-build-manifest.json'] {
  errno: -2,
  code: 'ENOENT',
  syscall: 'open',
  path: '/home/user/ProjectFinal/.next/server/app/page/app-build-manifest.json'
}
 ⨯ [Error: ENOENT: no such file or directory, open '/home/user/ProjectFinal/.next/static/development/_buildManifest.js.tmp.r508ayf7g3e'] {
  errno: -2,
  code: 'ENOENT',
  syscall: 'open',
  path: '/home/user/ProjectFinal/.next/static/development/_buildManifest.js.tmp.r508ayf7g3e'
}
[Error: ENOENT: no such file or directory, open '/home/user/ProjectFinal/.next/static/development/_buildManifest.js.tmp.7jjpzykmx5b'] {
  errno: -2,
  code: 'ENOENT',
  syscall: 'open',
  path: '/home/user/ProjectFinal/.next/static/development/_buildManifest.js.tmp.7jjpzykmx5b'
}
 ✓ Compiled in 396ms
 ○ Compiling /admin ...
 ✓ Compiled /admin in 731ms
 GET /admin 200 in 1298ms
 ✓ Compiled /admin/embeddings in 26ms
 ⨯ [Error: ENOENT: no such file or directory, open '/home/user/ProjectFinal/.next/server/app/admin/embeddings/page/build-manifest.json'] {
  errno: -2,
  code: 'ENOENT',
  syscall: 'open',
  path: '/home/user/ProjectFinal/.next/server/app/admin/embeddings/page/build-manifest.json'
}
 GET /admin/embeddings 500 in 456ms
 GET /admin 200 in 171ms
 GET /admin 200 in 606ms
 ⨯ [Error: ENOENT: no such file or directory, open '/home/user/ProjectFinal/.next/server/app/admin/embeddings/page/build-manifest.json'] {
  errno: -2,
  code: 'ENOENT',
  syscall: 'open',
  path: '/home/user/ProjectFinal/.next/server/app/admin/embeddings/page/build-manifest.json'
}
 GET /admin/embeddings 500 in 137ms
 ✓ Compiled in 1259ms
 ✓ Compiled in 453ms
 ✓ Compiled /admin/embeddings in 11ms
 ⨯ [Error: ENOENT: no such file or directory, open '/home/user/ProjectFinal/.next/server/app/admin/embeddings/page/build-manifest.json'] {
  errno: -2,
  code: 'ENOENT',
  syscall: 'open',
  path: '/home/user/ProjectFinal/.next/server/app/admin/embeddings/page/build-manifest.json'
}
 GET /admin/embeddings 500 in 120ms
 ✓ Compiled /admin in 33ms
 GET /admin 200 in 622ms
 GET / 200 in 278ms
 GET / 200 in 204ms
 GET / 200 in 202ms
 GET / 200 in 165ms
